INFO 2023-09-04 18:07:44,885 views 10548 18320 Index page accessed
INFO 2023-09-04 18:07:44,931 views 10548 18932 Index page accessed
INFO 2023-09-04 18:08:14,710 views 10548 18320 About page accessed
INFO 2023-09-04 18:08:14,778 views 10548 18932 About page accessed
INFO 2023-09-08 03:36:11,883 views 11824 29676 Index page accessed
INFO 2023-09-08 03:36:12,141 views 11824 29676 Index page accessed
INFO 2023-09-08 03:36:12,284 views 11824 28124 Index page accessed
INFO 2023-09-08 03:36:12,373 views 11824 28124 Index page accessed
INFO 2023-09-10 03:53:30,438 views 27468 25128 Index page accessed
INFO 2023-09-10 03:53:30,705 views 27468 7588 Index page accessed
INFO 2023-09-10 03:57:11,996 views 16104 20836 Index page accessed
INFO 2023-09-10 03:57:12,092 views 16104 8496 Index page accessed
INFO 2023-09-10 03:59:49,542 views 3004 26328 Index page accessed
INFO 2023-09-10 03:59:49,634 views 3004 6528 Index page accessed
INFO 2023-09-10 04:25:08,736 views 16080 22792 Index page accessed
INFO 2023-09-10 04:25:08,975 views 16080 28872 Index page accessed
INFO 2023-09-10 04:29:08,832 views 23908 23648 Index page accessed
INFO 2023-09-10 04:29:08,943 views 23908 6560 Index page accessed
INFO 2023-09-10 04:29:09,057 views 23908 23648 Index page accessed
INFO 2023-09-10 04:29:09,322 views 23908 6560 Index page accessed
INFO 2023-09-10 04:30:51,695 views 19644 7808 Index page accessed
INFO 2023-09-10 04:30:51,797 views 19644 29680 Index page accessed
INFO 2023-09-10 04:33:16,441 views 7512 21088 Index page accessed
INFO 2023-09-10 04:33:16,538 views 7512 14056 Index page accessed
INFO 2023-09-10 04:37:28,240 views 2504 7364 Index page accessed
INFO 2023-09-10 04:37:28,336 views 2504 9232 Index page accessed
INFO 2023-09-10 04:42:38,491 views 9248 13064 Index page accessed
INFO 2023-09-10 04:42:38,582 views 9248 7400 Index page accessed
INFO 2023-09-10 23:37:32,157 views 16312 27316 Index page accessed
INFO 2023-09-10 23:37:32,499 views 16312 10052 Index page accessed
INFO 2023-09-11 01:54:54,430 views 9524 20568 Index page accessed
INFO 2023-09-11 01:54:54,517 views 9524 21228 Index page accessed
INFO 2023-09-11 02:06:33,747 views 17652 13872 Index page accessed
INFO 2023-09-11 02:06:33,795 views 17652 11616 Index page accessed
INFO 2023-09-11 02:10:42,785 views 9280 24472 Index page accessed
INFO 2023-09-11 02:10:42,830 views 9280 576 Index page accessed
INFO 2023-09-11 19:41:14,475 views 26656 14240 Index page accessed
INFO 2023-09-11 19:41:14,566 views 26656 14240 Index page accessed
INFO 2023-09-11 19:41:15,218 views 26656 24052 Index page accessed
INFO 2023-09-11 19:41:15,222 views 26656 24052 Index page accessed
INFO 2023-09-12 04:33:45,495 views 30460 9036 Index page accessed
INFO 2023-09-12 04:33:45,592 views 30460 560 Index page accessed
INFO 2023-09-12 05:04:18,168 views 20772 22320 Index page accessed
INFO 2023-09-12 05:04:18,326 views 20772 30608 Index page accessed
INFO 2023-09-12 05:55:49,550 views 25160 23176 Index page accessed
INFO 2023-09-12 05:55:49,760 views 25160 27048 Index page accessed
INFO 2023-09-12 23:19:20,986 views 12068 5556 Index page accessed
INFO 2023-09-12 23:19:20,992 views 12068 11288 Index page accessed
INFO 2023-09-12 23:19:21,392 views 12068 22756 Index page accessed
INFO 2023-09-12 23:19:21,396 views 12068 22756 Index page accessed
INFO 2023-09-13 02:22:34,353 views 17156 26000 Index page accessed
INFO 2023-09-13 02:22:34,573 views 17156 11272 Index page accessed
INFO 2023-09-13 02:35:52,479 views 26972 18348 Index page accessed
INFO 2023-09-13 02:35:52,566 views 26972 27092 Index page accessed
INFO 2023-09-13 02:51:44,448 views 24104 10320 Index page accessed
INFO 2023-09-13 02:51:44,541 views 24104 31396 Index page accessed
INFO 2023-09-13 03:01:19,089 views 30752 32752 Index page accessed
INFO 2023-09-13 03:01:19,231 views 30752 27916 Index page accessed
INFO 2023-09-13 03:13:08,398 views 25252 13172 Index page accessed
INFO 2023-09-13 03:13:08,498 views 25252 25308 Index page accessed
INFO 2023-09-13 04:22:59,770 views 30876 20436 Index page accessed
INFO 2023-09-13 04:22:59,925 views 30876 12048 Index page accessed
INFO 2023-09-13 05:01:55,946 views 7036 28740 Index page accessed
INFO 2023-09-13 05:01:56,038 views 7036 23856 Index page accessed
INFO 2023-09-13 05:06:16,305 views 19208 20416 Index page accessed
INFO 2023-09-13 05:06:16,387 views 19208 28428 Index page accessed
INFO 2023-09-13 05:21:58,408 views 16916 19948 Index page accessed
INFO 2023-09-13 05:21:58,503 views 16916 32648 Index page accessed
INFO 2023-09-14 23:52:51,576 views 29904 30008 Index page accessed
INFO 2023-09-14 23:52:52,026 views 29904 10008 Index page accessed
INFO 2023-09-14 23:53:37,341 views 29904 30008 Index page accessed
INFO 2023-09-14 23:53:37,482 views 29904 10008 Index page accessed
INFO 2023-09-15 19:08:13,831 views 28112 30460 Index page accessed
INFO 2023-09-15 19:08:14,056 views 28112 7456 Index page accessed
INFO 2023-09-15 19:21:16,106 views 11164 20288 Получили form.cleaned_data={'prod_id': 1, 'title': 'Belkin USB-C Power Bank 10K', 'description': 'Fast Charging Portable Battery Pack w/ USB-C + USB Ports - Compatible w/ iPhone 14, 14 Plus, 14 Pro, 14 Pro Max, 13, 13 Mini, Galaxy S22, Ultra, Plus and More - Black', 'price': 23, 'amount': 2, 'create_date': datetime.date(2023, 9, 15)}.
INFO 2023-09-15 19:30:43,585 views 29820 31112 Получили form.cleaned_data={'prod_id': 1, 'title': 'Belkin USB-C Power Bank 10K', 'description': 'Fast Charging Portable Battery Pack w/ USB-C + USB Ports - Compatible w/ iPhone 14, 14 Plus, 14 Pro, 14 Pro Max, 13, 13 Mini, Galaxy S22, Ultra', 'price': 24, 'amount': 2, 'create_date': datetime.date(2023, 9, 15)}.
INFO 2023-09-15 23:27:39,544 views 34280 7456 Index page accessed
INFO 2023-09-15 23:27:39,759 views 34280 32920 Index page accessed
INFO 2023-09-16 01:26:20,928 views 29388 34368 Получили form.cleaned_data={'prod_id': 1, 'title': 'Belkin USB-C Power Bank 10K', 'description': 'Fast Charging Portable Battery Pack w/ USB-C + USB Ports - Compatible w/ iPhone 14, 14 Plus, 14 Pro, 14 Pro Max, 13, 13 Mini, Galaxy S22, Ultra', 'price': 24.2, 'amount': 2, 'create_date': datetime.date(2023, 9, 16)}.
INFO 2023-09-16 01:27:13,521 views 29264 8900 Index page accessed
INFO 2023-09-16 01:27:13,641 views 29264 3064 Index page accessed
INFO 2023-09-16 01:44:32,221 views 31572 33048 Получили form.cleaned_data={'prod_id': 1, 'title': 'Belkin USB-C Power Bank 10K', 'description': 'Fast Charging Portable Battery Pack w/ USB-C + USB Ports - Compatible w/ iPhone 14, 14 Plus, 14 Pro, 14 Pro Max, 13, 13 Mini, Galaxy S22, Ultra', 'price': 24.85, 'amount': 2, 'create_date': datetime.date(2023, 9, 16), 'image': None}.
INFO 2023-09-16 01:46:04,828 views 31572 33048 Получили form.cleaned_data={'prod_id': 1, 'title': 'Belkin USB-C Power Bank 10K', 'description': 'Fast Charging Portable Battery Pack w/ USB-C + USB Ports - Compatible w/ iPhone 14, 14 Plus, 14 Pro, 14 Pro Max, 13, 13 Mini, Galaxy S22, Ultra', 'price': 24.85, 'amount': 2, 'create_date': datetime.date(2023, 9, 16), 'image': None}.
INFO 2023-09-16 01:48:05,165 views 10272 19132 Получили form.cleaned_data={'prod_id': 1, 'title': 'Belkin USB-C Power Bank 10K', 'description': 'Fast Charging Portable Battery Pack w/ USB-C + USB Ports - Compatible w/ iPhone 14, 14 Plus, 14 Pro, 14 Pro Max, 13, 13 Mini, Galaxy S22, Ultra', 'price': 24.85, 'amount': 2, 'create_date': datetime.date(2023, 9, 16), 'image': None}.
INFO 2023-09-16 01:57:04,078 views 26004 13380 Получили form.cleaned_data={'prod_id': 1, 'title': 'Belkin USB-C Power Bank 10K', 'description': 'Fast Charging Portable Battery Pack w/ USB-C + USB Ports - Compatible w/ iPhone 14, 14 Plus, 14 Pro, 14 Pro Max, 13, 13 Mini, Galaxy S22, Ultra', 'price': 24.85, 'amount': 2, 'create_date': datetime.date(2023, 9, 16), 'image': None}.
INFO 2023-09-16 02:06:53,872 views 26004 26772 Получили form.cleaned_data={'prod_id': 1, 'title': 'Belkin USB-C Power Bank 10K', 'description': 'Fast Charging Portable Battery Pack w/ USB-C + USB Ports - Compatible w/ iPhone 14, 14 Plus, 14 Pro, 14 Pro Max, 13, 13 Mini, Galaxy S22, Ultra', 'price': 24.85, 'amount': 2, 'create_date': datetime.date(2023, 9, 16), 'image': None}.
INFO 2023-09-19 01:53:10,223 views 16708 22092 Index page accessed
INFO 2023-09-19 01:53:10,328 views 16708 27248 Index page accessed
INFO 2023-09-19 02:16:47,038 views 28188 28388 Index page accessed
INFO 2023-09-19 02:16:47,263 views 28188 34168 Index page accessed
INFO 2023-09-21 01:58:08,961 views 10332 7080 Index page accessed
INFO 2023-09-21 01:58:09,126 views 10332 7080 Index page accessed
INFO 2023-09-21 01:58:09,258 views 10332 9408 Index page accessed
INFO 2023-09-21 01:58:09,436 views 10332 9408 Index page accessed
INFO 2023-09-21 01:59:05,452 views 10332 8624 Получили form.cleaned_data={'prod_id': 1, 'title': 'Belkin USB-C Power Bank 10K', 'description': 'Fast Charging Portable Battery Pack w/ USB-C + USB Ports - Compatible w/ iPhone 14, 14 Plus, 14 Pro, 14 Pro Max, 13, 13 Mini, Galaxy S22, Ultra', 'price': 24.85, 'amount': 2, 'create_date': datetime.date(2023, 9, 21), 'image': None}.
INFO 2023-09-21 02:03:32,985 views 8752 5116 Получили form.cleaned_data={'prod_id': 1, 'title': 'Belkin USB-C Power Bank 10K', 'description': 'Fast Charging Portable Battery Pack w/ USB-C + USB Ports - Compatible w/ iPhone 14, 14 Plus, 14 Pro, 14 Pro Max, 13, 13 Mini, Galaxy S22, Ultra', 'price': 24.85, 'amount': 2, 'create_date': datetime.date(2023, 9, 21), 'image': <InMemoryUploadedFile: duckling.jpg (image/jpeg)>}.
INFO 2023-09-21 02:04:52,139 views 11776 13912 Получили form.cleaned_data={'prod_id': 1, 'title': 'Belkin USB-C Power Bank 10K', 'description': 'Fast Charging Portable Battery Pack w/ USB-C + USB Ports - Compatible w/ iPhone 14, 14 Plus, 14 Pro, 14 Pro Max, 13, 13 Mini, Galaxy S22, Ultra', 'price': 24.85, 'amount': 2, 'create_date': datetime.date(2023, 9, 21), 'image': <InMemoryUploadedFile: duckling.jpg (image/jpeg)>}.
INFO 2023-09-21 02:06:42,396 views 11776 13912 Получили form.cleaned_data={'prod_id': 2, 'title': 'OM System OM-1', 'description': 'Micro Four Thirds System Camera 20MP BSI Stacked Sensor Weather Sealed Design 5-Axis Image Stabilization 120fps sequential Shooting', 'price': 1919.95, 'amount': 9, 'create_date': datetime.date(2023, 9, 21), 'image': <InMemoryUploadedFile: kitten.jpg (image/jpeg)>}.
